<?xml version="1.0" encoding="UTF-8"?>
<!-- Generated by org.testng.reporters.JUnitReportReporter -->
<testsuite hostname="DESKTOP-TG7PT2T" failures="0" tests="3" name="testscripts.LoginTest" time="10.482" errors="0" timestamp="2025-09-10T09:40:19 IST" skipped="0">
  <testcase classname="testscripts.LoginTest" name="verifyLoginWithInValidUserNameAndValidPassword" time="1.558"/>
  <testcase classname="testscripts.LoginTest" name="verifyLoginWithValidUserNameInvalidPassword" time="1.747"/>
  <testcase classname="testscripts.LoginTest" name="verifyLoginWithInValidCredentials" time="7.177"/>
</testsuite> <!-- testscripts.LoginTest -->
