<?xml version="1.0" encoding="UTF-8"?>
<!-- Generated by org.testng.reporters.JUnitReportReporter -->
<testsuite hostname="DESKTOP-TG7PT2T" failures="0" tests="1" name="seleniumBasics.TestNGAnnotations" time="0.007" errors="0" timestamp="2025-09-09T10:14:29 IST" skipped="0">
  <testcase classname="seleniumBasics.TestNGAnnotations" name="sampleTestcase" time="0.007"/>
</testsuite> <!-- seleniumBasics.TestNGAnnotations -->
