<?xml version="1.0" encoding="UTF-8"?>
<!-- Generated by org.testng.reporters.JUnitReportReporter -->
<testsuite hostname="DESKTOP-TG7PT2T" failures="0" tests="1" name="testscripts.LoginTest" time="3.758" errors="0" timestamp="2025-09-11T09:32:45 IST" skipped="0">
  <testcase classname="testscripts.LoginTest" name="verifyLoginWithValidCredentials" time="3.758"/>
</testsuite> <!-- testscripts.LoginTest -->
