<?xml version="1.0" encoding="UTF-8"?>
<!-- Generated by org.testng.reporters.JUnitReportReporter -->
<testsuite hostname="DESKTOP-TG7PT2T" failures="0" tests="1" name="testscripts.LoginTest" time="2.835" errors="0" timestamp="2025-09-10T19:23:06 IST" skipped="0">
  <testcase classname="testscripts.LoginTest" name="verifyLoginWithInValidCredentials" time="2.835"/>
</testsuite> <!-- testscripts.LoginTest -->
